<?xml version="1.0" encoding="UTF-8"?>
<!-- Generated by org.testng.reporters.JUnitReportReporter -->
<testsuite hostname="WhatQ" failures="0" tests="1" name="com.edu.testCases.LoginTest" time="3.358" errors="0" timestamp="09 10æœˆ 2018 01:57:04 GMT" skipped="0">
  <testcase classname="com.edu.testCases.LoginTest" name="clickLogin" time="3.358"/>
</testsuite> <!-- com.edu.testCases.LoginTest -->
