<?xml version="1.0" encoding="UTF-8"?>
<!-- Generated by org.testng.reporters.JUnitReportReporter -->
<testsuite hostname="WhatQ" failures="0" tests="1" name="com.edu.utils.ReadProperties" time="0.011" errors="0" timestamp="09 10æœˆ 2018 01:27:42 GMT" skipped="0">
  <testcase classname="com.edu.utils.ReadProperties" name="test1" time="0.011"/>
</testsuite> <!-- com.edu.utils.ReadProperties -->
