<?xml version="1.0" encoding="UTF-8"?>
<!-- Generated by org.testng.reporters.JUnitReportReporter -->
<testsuite hostname="WhatQ" failures="0" tests="1" name="com.edu.utils.Demo" time="0.009" errors="0" timestamp="09 10æœˆ 2018 02:27:46 GMT" skipped="0">
  <testcase classname="com.edu.utils.Demo" name="demo1" time="0.009"/>
</testsuite> <!-- com.edu.utils.Demo -->
