<?xml version="1.0" encoding="UTF-8"?>
<!-- Generated by org.testng.reporters.JUnitReportReporter -->
<testsuite hostname="DESKTOP-K6529DD" failures="0" tests="1" name="com.edu.test.Submit_Demo" time="0.786" errors="0" timestamp="29 10æœˆ 2018 13:44:02 GMT" skipped="0">
  <testcase classname="com.edu.test.Submit_Demo" name="submitSuccess" time="0.786"/>
</testsuite> <!-- com.edu.test.Submit_Demo -->
