<?xml version="1.0" encoding="UTF-8"?>
<!-- Generated by org.testng.reporters.JUnitReportReporter -->
<testsuite hostname="DESKTOP-K6529DD" failures="0" tests="1" name="com.edu.test.SubmitTest" time="0.226" errors="0" timestamp="31 10æœˆ 2018 02:54:14 GMT" skipped="0">
  <testcase classname="com.edu.test.SubmitTest" name="submitSuccess" time="0.226"/>
</testsuite> <!-- com.edu.test.SubmitTest -->
