<?xml version="1.0" encoding="UTF-8"?>
<!-- Generated by org.testng.reporters.JUnitReportReporter -->
<testsuite hostname="DESKTOP-K6529DD" failures="0" tests="1" name="com.edu.test.DeleteAddressTest" time="0.221" errors="0" timestamp="31 10æœˆ 2018 02:54:13 GMT" skipped="0">
  <testcase classname="com.edu.test.DeleteAddressTest" name="deleteAddress" time="0.221"/>
</testsuite> <!-- com.edu.test.DeleteAddressTest -->
