<?xml version="1.0" encoding="UTF-8"?>
<!-- Generated by org.testng.reporters.JUnitReportReporter -->
<testsuite hostname="DESKTOP-K6529DD" failures="0" tests="1" name="com.edu.test.GetAddressTest" time="0.189" errors="0" timestamp="31 10æœˆ 2018 02:54:14 GMT" skipped="0">
  <testcase classname="com.edu.test.GetAddressTest" name="getAddressList" time="0.189"/>
</testsuite> <!-- com.edu.test.GetAddressTest -->
