<?xml version="1.0" encoding="UTF-8"?>
<!-- Generated by org.testng.reporters.JUnitReportReporter -->
<testsuite hostname="DESKTOP-K6529DD" failures="0" tests="2" name="com.edu.test.LoginTest" time="0.689" errors="0" timestamp="31 10æœˆ 2018 02:54:14 GMT" skipped="0">
  <testcase classname="com.edu.test.LoginTest" name="loginFail" time="0.506"/>
  <testcase classname="com.edu.test.LoginTest" name="loginSuccess" time="0.183"/>
</testsuite> <!-- com.edu.test.LoginTest -->
