<?xml version="1.0" encoding="UTF-8"?>
<!-- Generated by org.testng.reporters.JUnitReportReporter -->
<testsuite hostname="DESKTOP-K6529DD" failures="0" tests="1" name="com.edu.test.GetTransportFeeTest" time="0.090" errors="0" timestamp="31 10æœˆ 2018 02:54:14 GMT" skipped="0">
  <testcase classname="com.edu.test.GetTransportFeeTest" name="getFee" time="0.090"/>
</testsuite> <!-- com.edu.test.GetTransportFeeTest -->
