<?xml version="1.0" encoding="UTF-8"?>
<!-- Generated by org.testng.reporters.JUnitReportReporter -->
<testsuite hostname="DESKTOP-K6529DD" failures="0" tests="1" name="com.edu.test.Supermarket_Submit_demo" time="0.465" errors="0" timestamp="30 10æœˆ 2018 01:03:52 GMT" skipped="0">
  <testcase classname="com.edu.test.Supermarket_Submit_demo" name="submit" time="0.465"/>
</testsuite> <!-- com.edu.test.Supermarket_Submit_demo -->
