<?xml version="1.0" encoding="UTF-8"?>
<!-- Generated by org.testng.reporters.JUnitReportReporter -->
<testsuite hostname="DESKTOP-K6529DD" failures="0" tests="1" name="com.edu.test.SkuListTest" time="1.391" errors="0" timestamp="31 10æœˆ 2018 08:29:38 GMT" skipped="0">
  <testcase classname="com.edu.test.SkuListTest" name="skulist1" time="1.391"/>
</testsuite> <!-- com.edu.test.SkuListTest -->
