<?xml version="1.0" encoding="UTF-8"?>
<!-- Generated by org.testng.reporters.JUnitReportReporter -->
<testsuite hostname="DESKTOP-K6529DD" failures="0" tests="1" name="com.edu.test.Login" time="0.967" errors="0" timestamp="29 10æœˆ 2018 13:32:21 GMT" skipped="0">
  <testcase classname="com.edu.test.Login" name="loginFail" time="0.967"/>
</testsuite> <!-- com.edu.test.Login -->
